2019-10-15 14:46:31,659 - Log4JLogChute initialized using file 'velocity.log'
2019-10-15 14:46:31,660 - Initializing Velocity, Calling init()...
2019-10-15 14:46:31,660 - Starting Apache Velocity v1.7 (compiled: 2010-11-19 12:14:37)
2019-10-15 14:46:31,660 - Default Properties File: org/apache/velocity/runtime/defaults/velocity.properties
2019-10-15 14:46:31,660 - Trying to use logger class org.apache.velocity.runtime.log.AvalonLogChute
2019-10-15 14:46:31,660 - Target log system for org.apache.velocity.runtime.log.AvalonLogChute is not available (java.lang.NoClassDefFoundError: org/apache/log/format/Formatter).  Falling back to next log system...
2019-10-15 14:46:31,660 - Trying to use logger class org.apache.velocity.runtime.log.Log4JLogChute
2019-10-15 14:46:31,660 - Using logger class org.apache.velocity.runtime.log.Log4JLogChute
2019-10-15 14:46:31,663 - ResourceLoader instantiated: org.apache.velocity.runtime.resource.loader.FileResourceLoader
2019-10-15 14:46:31,664 - Do unicode file recognition:  false
2019-10-15 14:46:31,664 - FileResourceLoader : adding path '.'
2019-10-15 14:46:31,672 - ResourceCache: initialized (class org.apache.velocity.runtime.resource.ResourceCacheImpl) with class java.util.Collections$SynchronizedMap cache map.
2019-10-15 14:46:31,673 - Loaded System Directive: org.apache.velocity.runtime.directive.Stop
2019-10-15 14:46:31,674 - Loaded System Directive: org.apache.velocity.runtime.directive.Define
2019-10-15 14:46:31,674 - Loaded System Directive: org.apache.velocity.runtime.directive.Break
2019-10-15 14:46:31,674 - Loaded System Directive: org.apache.velocity.runtime.directive.Evaluate
2019-10-15 14:46:31,675 - Loaded System Directive: org.apache.velocity.runtime.directive.Literal
2019-10-15 14:46:31,675 - Loaded System Directive: org.apache.velocity.runtime.directive.Macro
2019-10-15 14:46:31,676 - Loaded System Directive: org.apache.velocity.runtime.directive.Parse
2019-10-15 14:46:31,677 - Loaded System Directive: org.apache.velocity.runtime.directive.Include
2019-10-15 14:46:31,677 - Loaded System Directive: org.apache.velocity.runtime.directive.Foreach
2019-10-15 14:46:31,695 - Created '20' parsers.
2019-10-15 14:46:31,698 - Velocimacro : "velocimacro.library" is not set.  Trying default library: VM_global_library.vm
2019-10-15 14:46:31,698 - Velocimacro : Default library not found.
2019-10-15 14:46:31,698 - Velocimacro : allowInline = true : VMs can be defined inline in templates
2019-10-15 14:46:31,698 - Velocimacro : allowInlineToOverride = false : VMs defined inline may NOT replace previous VM definitions
2019-10-15 14:46:31,698 - Velocimacro : allowInlineLocal = false : VMs defined inline will be global in scope if allowed.
2019-10-15 14:46:31,698 - Velocimacro : autoload off : VM system will not automatically reload global library macros
2019-10-15 14:47:12,943 - Log4JLogChute initialized using file 'velocity.log'
2019-10-15 14:47:12,944 - Initializing Velocity, Calling init()...
2019-10-15 14:47:12,944 - Starting Apache Velocity v1.7 (compiled: 2010-11-19 12:14:37)
2019-10-15 14:47:12,944 - Default Properties File: org/apache/velocity/runtime/defaults/velocity.properties
2019-10-15 14:47:12,944 - Trying to use logger class org.apache.velocity.runtime.log.AvalonLogChute
2019-10-15 14:47:12,944 - Target log system for org.apache.velocity.runtime.log.AvalonLogChute is not available (java.lang.NoClassDefFoundError: org/apache/log/format/Formatter).  Falling back to next log system...
2019-10-15 14:47:12,944 - Trying to use logger class org.apache.velocity.runtime.log.Log4JLogChute
2019-10-15 14:47:12,944 - Using logger class org.apache.velocity.runtime.log.Log4JLogChute
2019-10-15 14:47:12,948 - ResourceLoader instantiated: org.apache.velocity.runtime.resource.loader.FileResourceLoader
2019-10-15 14:47:12,949 - Do unicode file recognition:  false
2019-10-15 14:47:12,949 - FileResourceLoader : adding path '.'
2019-10-15 14:47:12,959 - ResourceCache: initialized (class org.apache.velocity.runtime.resource.ResourceCacheImpl) with class java.util.Collections$SynchronizedMap cache map.
2019-10-15 14:47:12,960 - Loaded System Directive: org.apache.velocity.runtime.directive.Stop
2019-10-15 14:47:12,961 - Loaded System Directive: org.apache.velocity.runtime.directive.Define
2019-10-15 14:47:12,961 - Loaded System Directive: org.apache.velocity.runtime.directive.Break
2019-10-15 14:47:12,962 - Loaded System Directive: org.apache.velocity.runtime.directive.Evaluate
2019-10-15 14:47:12,962 - Loaded System Directive: org.apache.velocity.runtime.directive.Literal
2019-10-15 14:47:12,963 - Loaded System Directive: org.apache.velocity.runtime.directive.Macro
2019-10-15 14:47:12,964 - Loaded System Directive: org.apache.velocity.runtime.directive.Parse
2019-10-15 14:47:12,965 - Loaded System Directive: org.apache.velocity.runtime.directive.Include
2019-10-15 14:47:12,966 - Loaded System Directive: org.apache.velocity.runtime.directive.Foreach
2019-10-15 14:47:12,994 - Created '20' parsers.
2019-10-15 14:47:12,999 - Velocimacro : "velocimacro.library" is not set.  Trying default library: VM_global_library.vm
2019-10-15 14:47:12,999 - Velocimacro : Default library not found.
2019-10-15 14:47:13,000 - Velocimacro : allowInline = true : VMs can be defined inline in templates
2019-10-15 14:47:13,000 - Velocimacro : allowInlineToOverride = false : VMs defined inline may NOT replace previous VM definitions
2019-10-15 14:47:13,000 - Velocimacro : allowInlineLocal = false : VMs defined inline will be global in scope if allowed.
2019-10-15 14:47:13,000 - Velocimacro : autoload off : VM system will not automatically reload global library macros
2019-10-15 14:47:13,118 - Log4JLogChute initialized using file 'velocity.log'
2019-10-15 14:47:13,119 - Initializing Velocity, Calling init()...
2019-10-15 14:47:13,119 - Starting Apache Velocity v1.7 (compiled: 2010-11-19 12:14:37)
2019-10-15 14:47:13,119 - Default Properties File: org/apache/velocity/runtime/defaults/velocity.properties
2019-10-15 14:47:13,119 - Trying to use logger class org.apache.velocity.runtime.log.AvalonLogChute
2019-10-15 14:47:13,119 - Target log system for org.apache.velocity.runtime.log.AvalonLogChute is not available (java.lang.NoClassDefFoundError: org/apache/log/format/Formatter).  Falling back to next log system...
2019-10-15 14:47:13,119 - Trying to use logger class org.apache.velocity.runtime.log.Log4JLogChute
2019-10-15 14:47:13,119 - Using logger class org.apache.velocity.runtime.log.Log4JLogChute
2019-10-15 14:47:13,125 - ResourceLoader instantiated: org.apache.velocity.runtime.resource.loader.FileResourceLoader
2019-10-15 14:47:13,126 - Do unicode file recognition:  false
2019-10-15 14:47:13,126 - FileResourceLoader : adding path '.'
2019-10-15 14:47:13,134 - ResourceCache: initialized (class org.apache.velocity.runtime.resource.ResourceCacheImpl) with class java.util.Collections$SynchronizedMap cache map.
2019-10-15 14:47:13,135 - Loaded System Directive: org.apache.velocity.runtime.directive.Stop
2019-10-15 14:47:13,136 - Loaded System Directive: org.apache.velocity.runtime.directive.Define
2019-10-15 14:47:13,137 - Loaded System Directive: org.apache.velocity.runtime.directive.Break
2019-10-15 14:47:13,137 - Loaded System Directive: org.apache.velocity.runtime.directive.Evaluate
2019-10-15 14:47:13,138 - Loaded System Directive: org.apache.velocity.runtime.directive.Literal
2019-10-15 14:47:13,138 - Loaded System Directive: org.apache.velocity.runtime.directive.Macro
2019-10-15 14:47:13,139 - Loaded System Directive: org.apache.velocity.runtime.directive.Parse
2019-10-15 14:47:13,140 - Loaded System Directive: org.apache.velocity.runtime.directive.Include
2019-10-15 14:47:13,141 - Loaded System Directive: org.apache.velocity.runtime.directive.Foreach
2019-10-15 14:47:13,165 - Created '20' parsers.
2019-10-15 14:47:13,174 - Velocimacro : "velocimacro.library" is not set.  Trying default library: VM_global_library.vm
2019-10-15 14:47:13,174 - Velocimacro : Default library not found.
2019-10-15 14:47:13,174 - Velocimacro : allowInline = true : VMs can be defined inline in templates
2019-10-15 14:47:13,174 - Velocimacro : allowInlineToOverride = false : VMs defined inline may NOT replace previous VM definitions
2019-10-15 14:47:13,174 - Velocimacro : allowInlineLocal = false : VMs defined inline will be global in scope if allowed.
2019-10-15 14:47:13,174 - Velocimacro : autoload off : VM system will not automatically reload global library macros
2019-10-15 16:42:40,306 - Log4JLogChute initialized using file 'velocity.log'
2019-10-15 16:42:40,307 - Initializing Velocity, Calling init()...
2019-10-15 16:42:40,307 - Starting Apache Velocity v1.7 (compiled: 2010-11-19 12:14:37)
2019-10-15 16:42:40,307 - Default Properties File: org/apache/velocity/runtime/defaults/velocity.properties
2019-10-15 16:42:40,307 - Trying to use logger class org.apache.velocity.runtime.log.AvalonLogChute
2019-10-15 16:42:40,307 - Target log system for org.apache.velocity.runtime.log.AvalonLogChute is not available (java.lang.NoClassDefFoundError: org/apache/log/format/Formatter).  Falling back to next log system...
2019-10-15 16:42:40,307 - Trying to use logger class org.apache.velocity.runtime.log.Log4JLogChute
2019-10-15 16:42:40,307 - Using logger class org.apache.velocity.runtime.log.Log4JLogChute
2019-10-15 16:42:40,311 - ResourceLoader instantiated: org.apache.velocity.runtime.resource.loader.FileResourceLoader
2019-10-15 16:42:40,311 - Do unicode file recognition:  false
2019-10-15 16:42:40,311 - FileResourceLoader : adding path '.'
2019-10-15 16:42:40,318 - ResourceCache: initialized (class org.apache.velocity.runtime.resource.ResourceCacheImpl) with class java.util.Collections$SynchronizedMap cache map.
2019-10-15 16:42:40,319 - Loaded System Directive: org.apache.velocity.runtime.directive.Stop
2019-10-15 16:42:40,320 - Loaded System Directive: org.apache.velocity.runtime.directive.Define
2019-10-15 16:42:40,320 - Loaded System Directive: org.apache.velocity.runtime.directive.Break
2019-10-15 16:42:40,320 - Loaded System Directive: org.apache.velocity.runtime.directive.Evaluate
2019-10-15 16:42:40,321 - Loaded System Directive: org.apache.velocity.runtime.directive.Literal
2019-10-15 16:42:40,321 - Loaded System Directive: org.apache.velocity.runtime.directive.Macro
2019-10-15 16:42:40,322 - Loaded System Directive: org.apache.velocity.runtime.directive.Parse
2019-10-15 16:42:40,322 - Loaded System Directive: org.apache.velocity.runtime.directive.Include
2019-10-15 16:42:40,323 - Loaded System Directive: org.apache.velocity.runtime.directive.Foreach
2019-10-15 16:42:40,342 - Created '20' parsers.
2019-10-15 16:42:40,348 - Velocimacro : "velocimacro.library" is not set.  Trying default library: VM_global_library.vm
2019-10-15 16:42:40,348 - Velocimacro : Default library not found.
2019-10-15 16:42:40,348 - Velocimacro : allowInline = true : VMs can be defined inline in templates
2019-10-15 16:42:40,348 - Velocimacro : allowInlineToOverride = false : VMs defined inline may NOT replace previous VM definitions
2019-10-15 16:42:40,348 - Velocimacro : allowInlineLocal = false : VMs defined inline will be global in scope if allowed.
2019-10-15 16:42:40,348 - Velocimacro : autoload off : VM system will not automatically reload global library macros
2019-10-15 16:45:29,052 - Log4JLogChute initialized using file 'velocity.log'
2019-10-15 16:45:29,052 - Initializing Velocity, Calling init()...
2019-10-15 16:45:29,052 - Starting Apache Velocity v1.7 (compiled: 2010-11-19 12:14:37)
2019-10-15 16:45:29,052 - Default Properties File: org/apache/velocity/runtime/defaults/velocity.properties
2019-10-15 16:45:29,052 - Trying to use logger class org.apache.velocity.runtime.log.AvalonLogChute
2019-10-15 16:45:29,052 - Target log system for org.apache.velocity.runtime.log.AvalonLogChute is not available (java.lang.NoClassDefFoundError: org/apache/log/format/Formatter).  Falling back to next log system...
2019-10-15 16:45:29,053 - Trying to use logger class org.apache.velocity.runtime.log.Log4JLogChute
2019-10-15 16:45:29,053 - Using logger class org.apache.velocity.runtime.log.Log4JLogChute
2019-10-15 16:45:29,056 - ResourceLoader instantiated: org.apache.velocity.runtime.resource.loader.FileResourceLoader
2019-10-15 16:45:29,056 - Do unicode file recognition:  false
2019-10-15 16:45:29,056 - FileResourceLoader : adding path '.'
2019-10-15 16:45:29,064 - ResourceCache: initialized (class org.apache.velocity.runtime.resource.ResourceCacheImpl) with class java.util.Collections$SynchronizedMap cache map.
2019-10-15 16:45:29,065 - Loaded System Directive: org.apache.velocity.runtime.directive.Stop
2019-10-15 16:45:29,065 - Loaded System Directive: org.apache.velocity.runtime.directive.Define
2019-10-15 16:45:29,066 - Loaded System Directive: org.apache.velocity.runtime.directive.Break
2019-10-15 16:45:29,066 - Loaded System Directive: org.apache.velocity.runtime.directive.Evaluate
2019-10-15 16:45:29,066 - Loaded System Directive: org.apache.velocity.runtime.directive.Literal
2019-10-15 16:45:29,067 - Loaded System Directive: org.apache.velocity.runtime.directive.Macro
2019-10-15 16:45:29,068 - Loaded System Directive: org.apache.velocity.runtime.directive.Parse
2019-10-15 16:45:29,069 - Loaded System Directive: org.apache.velocity.runtime.directive.Include
2019-10-15 16:45:29,069 - Loaded System Directive: org.apache.velocity.runtime.directive.Foreach
2019-10-15 16:45:29,088 - Created '20' parsers.
2019-10-15 16:45:29,094 - Velocimacro : "velocimacro.library" is not set.  Trying default library: VM_global_library.vm
2019-10-15 16:45:29,094 - Velocimacro : Default library not found.
2019-10-15 16:45:29,094 - Velocimacro : allowInline = true : VMs can be defined inline in templates
2019-10-15 16:45:29,094 - Velocimacro : allowInlineToOverride = false : VMs defined inline may NOT replace previous VM definitions
2019-10-15 16:45:29,094 - Velocimacro : allowInlineLocal = false : VMs defined inline will be global in scope if allowed.
2019-10-15 16:45:29,094 - Velocimacro : autoload off : VM system will not automatically reload global library macros
2019-10-15 16:48:12,514 - Log4JLogChute initialized using file 'velocity.log'
2019-10-15 16:48:12,515 - Initializing Velocity, Calling init()...
2019-10-15 16:48:12,515 - Starting Apache Velocity v1.7 (compiled: 2010-11-19 12:14:37)
2019-10-15 16:48:12,515 - Default Properties File: org/apache/velocity/runtime/defaults/velocity.properties
2019-10-15 16:48:12,515 - Trying to use logger class org.apache.velocity.runtime.log.AvalonLogChute
2019-10-15 16:48:12,515 - Target log system for org.apache.velocity.runtime.log.AvalonLogChute is not available (java.lang.NoClassDefFoundError: org/apache/log/format/Formatter).  Falling back to next log system...
2019-10-15 16:48:12,515 - Trying to use logger class org.apache.velocity.runtime.log.Log4JLogChute
2019-10-15 16:48:12,515 - Using logger class org.apache.velocity.runtime.log.Log4JLogChute
2019-10-15 16:48:12,518 - ResourceLoader instantiated: org.apache.velocity.runtime.resource.loader.FileResourceLoader
2019-10-15 16:48:12,518 - Do unicode file recognition:  false
2019-10-15 16:48:12,518 - FileResourceLoader : adding path '.'
2019-10-15 16:48:12,524 - ResourceCache: initialized (class org.apache.velocity.runtime.resource.ResourceCacheImpl) with class java.util.Collections$SynchronizedMap cache map.
2019-10-15 16:48:12,525 - Loaded System Directive: org.apache.velocity.runtime.directive.Stop
2019-10-15 16:48:12,526 - Loaded System Directive: org.apache.velocity.runtime.directive.Define
2019-10-15 16:48:12,526 - Loaded System Directive: org.apache.velocity.runtime.directive.Break
2019-10-15 16:48:12,526 - Loaded System Directive: org.apache.velocity.runtime.directive.Evaluate
2019-10-15 16:48:12,527 - Loaded System Directive: org.apache.velocity.runtime.directive.Literal
2019-10-15 16:48:12,527 - Loaded System Directive: org.apache.velocity.runtime.directive.Macro
2019-10-15 16:48:12,528 - Loaded System Directive: org.apache.velocity.runtime.directive.Parse
2019-10-15 16:48:12,529 - Loaded System Directive: org.apache.velocity.runtime.directive.Include
2019-10-15 16:48:12,529 - Loaded System Directive: org.apache.velocity.runtime.directive.Foreach
2019-10-15 16:48:12,547 - Created '20' parsers.
2019-10-15 16:48:12,552 - Velocimacro : "velocimacro.library" is not set.  Trying default library: VM_global_library.vm
2019-10-15 16:48:12,553 - Velocimacro : Default library not found.
2019-10-15 16:48:12,553 - Velocimacro : allowInline = true : VMs can be defined inline in templates
2019-10-15 16:48:12,553 - Velocimacro : allowInlineToOverride = false : VMs defined inline may NOT replace previous VM definitions
2019-10-15 16:48:12,553 - Velocimacro : allowInlineLocal = false : VMs defined inline will be global in scope if allowed.
2019-10-15 16:48:12,553 - Velocimacro : autoload off : VM system will not automatically reload global library macros
2019-10-15 16:52:49,864 - Log4JLogChute initialized using file 'velocity.log'
2019-10-15 16:52:49,865 - Initializing Velocity, Calling init()...
2019-10-15 16:52:49,865 - Starting Apache Velocity v1.7 (compiled: 2010-11-19 12:14:37)
2019-10-15 16:52:49,865 - Default Properties File: org/apache/velocity/runtime/defaults/velocity.properties
2019-10-15 16:52:49,865 - Trying to use logger class org.apache.velocity.runtime.log.AvalonLogChute
2019-10-15 16:52:49,865 - Target log system for org.apache.velocity.runtime.log.AvalonLogChute is not available (java.lang.NoClassDefFoundError: org/apache/log/format/Formatter).  Falling back to next log system...
2019-10-15 16:52:49,865 - Trying to use logger class org.apache.velocity.runtime.log.Log4JLogChute
2019-10-15 16:52:49,865 - Using logger class org.apache.velocity.runtime.log.Log4JLogChute
2019-10-15 16:52:49,869 - ResourceLoader instantiated: org.apache.velocity.runtime.resource.loader.FileResourceLoader
2019-10-15 16:52:49,869 - Do unicode file recognition:  false
2019-10-15 16:52:49,869 - FileResourceLoader : adding path '.'
2019-10-15 16:52:49,876 - ResourceCache: initialized (class org.apache.velocity.runtime.resource.ResourceCacheImpl) with class java.util.Collections$SynchronizedMap cache map.
2019-10-15 16:52:49,877 - Loaded System Directive: org.apache.velocity.runtime.directive.Stop
2019-10-15 16:52:49,878 - Loaded System Directive: org.apache.velocity.runtime.directive.Define
2019-10-15 16:52:49,878 - Loaded System Directive: org.apache.velocity.runtime.directive.Break
2019-10-15 16:52:49,879 - Loaded System Directive: org.apache.velocity.runtime.directive.Evaluate
2019-10-15 16:52:49,879 - Loaded System Directive: org.apache.velocity.runtime.directive.Literal
2019-10-15 16:52:49,879 - Loaded System Directive: org.apache.velocity.runtime.directive.Macro
2019-10-15 16:52:49,880 - Loaded System Directive: org.apache.velocity.runtime.directive.Parse
2019-10-15 16:52:49,881 - Loaded System Directive: org.apache.velocity.runtime.directive.Include
2019-10-15 16:52:49,881 - Loaded System Directive: org.apache.velocity.runtime.directive.Foreach
2019-10-15 16:52:49,899 - Created '20' parsers.
2019-10-15 16:52:49,906 - Velocimacro : "velocimacro.library" is not set.  Trying default library: VM_global_library.vm
2019-10-15 16:52:49,906 - Velocimacro : Default library not found.
2019-10-15 16:52:49,906 - Velocimacro : allowInline = true : VMs can be defined inline in templates
2019-10-15 16:52:49,906 - Velocimacro : allowInlineToOverride = false : VMs defined inline may NOT replace previous VM definitions
2019-10-15 16:52:49,906 - Velocimacro : allowInlineLocal = false : VMs defined inline will be global in scope if allowed.
2019-10-15 16:52:49,906 - Velocimacro : autoload off : VM system will not automatically reload global library macros
2019-10-15 16:57:42,562 - Log4JLogChute initialized using file 'velocity.log'
2019-10-15 16:57:42,563 - Initializing Velocity, Calling init()...
2019-10-15 16:57:42,563 - Starting Apache Velocity v1.7 (compiled: 2010-11-19 12:14:37)
2019-10-15 16:57:42,563 - Default Properties File: org/apache/velocity/runtime/defaults/velocity.properties
2019-10-15 16:57:42,563 - Trying to use logger class org.apache.velocity.runtime.log.AvalonLogChute
2019-10-15 16:57:42,563 - Target log system for org.apache.velocity.runtime.log.AvalonLogChute is not available (java.lang.NoClassDefFoundError: org/apache/log/format/Formatter).  Falling back to next log system...
2019-10-15 16:57:42,563 - Trying to use logger class org.apache.velocity.runtime.log.Log4JLogChute
2019-10-15 16:57:42,563 - Using logger class org.apache.velocity.runtime.log.Log4JLogChute
2019-10-15 16:57:42,567 - ResourceLoader instantiated: org.apache.velocity.runtime.resource.loader.FileResourceLoader
2019-10-15 16:57:42,567 - Do unicode file recognition:  false
2019-10-15 16:57:42,567 - FileResourceLoader : adding path '.'
2019-10-15 16:57:42,576 - ResourceCache: initialized (class org.apache.velocity.runtime.resource.ResourceCacheImpl) with class java.util.Collections$SynchronizedMap cache map.
2019-10-15 16:57:42,577 - Loaded System Directive: org.apache.velocity.runtime.directive.Stop
2019-10-15 16:57:42,577 - Loaded System Directive: org.apache.velocity.runtime.directive.Define
2019-10-15 16:57:42,578 - Loaded System Directive: org.apache.velocity.runtime.directive.Break
2019-10-15 16:57:42,579 - Loaded System Directive: org.apache.velocity.runtime.directive.Evaluate
2019-10-15 16:57:42,579 - Loaded System Directive: org.apache.velocity.runtime.directive.Literal
2019-10-15 16:57:42,580 - Loaded System Directive: org.apache.velocity.runtime.directive.Macro
2019-10-15 16:57:42,581 - Loaded System Directive: org.apache.velocity.runtime.directive.Parse
2019-10-15 16:57:42,582 - Loaded System Directive: org.apache.velocity.runtime.directive.Include
2019-10-15 16:57:42,582 - Loaded System Directive: org.apache.velocity.runtime.directive.Foreach
2019-10-15 16:57:42,607 - Created '20' parsers.
2019-10-15 16:57:42,610 - Velocimacro : "velocimacro.library" is not set.  Trying default library: VM_global_library.vm
2019-10-15 16:57:42,610 - Velocimacro : Default library not found.
2019-10-15 16:57:42,610 - Velocimacro : allowInline = true : VMs can be defined inline in templates
2019-10-15 16:57:42,610 - Velocimacro : allowInlineToOverride = false : VMs defined inline may NOT replace previous VM definitions
2019-10-15 16:57:42,610 - Velocimacro : allowInlineLocal = false : VMs defined inline will be global in scope if allowed.
2019-10-15 16:57:42,610 - Velocimacro : autoload off : VM system will not automatically reload global library macros
2019-10-17 22:48:48,895 - Log4JLogChute initialized using file 'velocity.log'
2019-10-17 22:48:48,896 - Initializing Velocity, Calling init()...
2019-10-17 22:48:48,896 - Starting Apache Velocity v1.7 (compiled: 2010-11-19 12:14:37)
2019-10-17 22:48:48,896 - Default Properties File: org/apache/velocity/runtime/defaults/velocity.properties
2019-10-17 22:48:48,896 - Trying to use logger class org.apache.velocity.runtime.log.AvalonLogChute
2019-10-17 22:48:48,896 - Target log system for org.apache.velocity.runtime.log.AvalonLogChute is not available (java.lang.NoClassDefFoundError: org/apache/log/format/Formatter).  Falling back to next log system...
2019-10-17 22:48:48,896 - Trying to use logger class org.apache.velocity.runtime.log.Log4JLogChute
2019-10-17 22:48:48,896 - Using logger class org.apache.velocity.runtime.log.Log4JLogChute
2019-10-17 22:48:48,901 - ResourceLoader instantiated: org.apache.velocity.runtime.resource.loader.FileResourceLoader
2019-10-17 22:48:48,902 - Do unicode file recognition:  false
2019-10-17 22:48:48,902 - FileResourceLoader : adding path '.'
2019-10-17 22:48:48,914 - ResourceCache: initialized (class org.apache.velocity.runtime.resource.ResourceCacheImpl) with class java.util.Collections$SynchronizedMap cache map.
2019-10-17 22:48:48,915 - Loaded System Directive: org.apache.velocity.runtime.directive.Stop
2019-10-17 22:48:48,915 - Loaded System Directive: org.apache.velocity.runtime.directive.Define
2019-10-17 22:48:48,916 - Loaded System Directive: org.apache.velocity.runtime.directive.Break
2019-10-17 22:48:48,916 - Loaded System Directive: org.apache.velocity.runtime.directive.Evaluate
2019-10-17 22:48:48,917 - Loaded System Directive: org.apache.velocity.runtime.directive.Literal
2019-10-17 22:48:48,918 - Loaded System Directive: org.apache.velocity.runtime.directive.Macro
2019-10-17 22:48:48,919 - Loaded System Directive: org.apache.velocity.runtime.directive.Parse
2019-10-17 22:48:48,920 - Loaded System Directive: org.apache.velocity.runtime.directive.Include
2019-10-17 22:48:48,921 - Loaded System Directive: org.apache.velocity.runtime.directive.Foreach
2019-10-17 22:48:48,947 - Created '20' parsers.
2019-10-17 22:48:48,955 - Velocimacro : "velocimacro.library" is not set.  Trying default library: VM_global_library.vm
2019-10-17 22:48:48,955 - Velocimacro : Default library not found.
2019-10-17 22:48:48,955 - Velocimacro : allowInline = true : VMs can be defined inline in templates
2019-10-17 22:48:48,955 - Velocimacro : allowInlineToOverride = false : VMs defined inline may NOT replace previous VM definitions
2019-10-17 22:48:48,955 - Velocimacro : allowInlineLocal = false : VMs defined inline will be global in scope if allowed.
2019-10-17 22:48:48,955 - Velocimacro : autoload off : VM system will not automatically reload global library macros
2019-10-18 09:11:44,294 - Log4JLogChute initialized using file 'velocity.log'
2019-10-18 09:11:44,300 - Initializing Velocity, Calling init()...
2019-10-18 09:11:44,300 - Starting Apache Velocity v1.7 (compiled: 2010-11-19 12:14:37)
2019-10-18 09:11:44,300 - Default Properties File: org/apache/velocity/runtime/defaults/velocity.properties
2019-10-18 09:11:44,300 - Trying to use logger class org.apache.velocity.runtime.log.AvalonLogChute
2019-10-18 09:11:44,300 - Target log system for org.apache.velocity.runtime.log.AvalonLogChute is not available (java.lang.NoClassDefFoundError: org/apache/log/format/Formatter).  Falling back to next log system...
2019-10-18 09:11:44,300 - Trying to use logger class org.apache.velocity.runtime.log.Log4JLogChute
2019-10-18 09:11:44,300 - Using logger class org.apache.velocity.runtime.log.Log4JLogChute
2019-10-18 09:11:44,304 - ResourceLoader instantiated: org.apache.velocity.runtime.resource.loader.FileResourceLoader
2019-10-18 09:11:44,305 - Do unicode file recognition:  false
2019-10-18 09:11:44,305 - FileResourceLoader : adding path '.'
2019-10-18 09:11:44,313 - ResourceCache: initialized (class org.apache.velocity.runtime.resource.ResourceCacheImpl) with class java.util.Collections$SynchronizedMap cache map.
2019-10-18 09:11:44,313 - Loaded System Directive: org.apache.velocity.runtime.directive.Stop
2019-10-18 09:11:44,314 - Loaded System Directive: org.apache.velocity.runtime.directive.Define
2019-10-18 09:11:44,314 - Loaded System Directive: org.apache.velocity.runtime.directive.Break
2019-10-18 09:11:44,315 - Loaded System Directive: org.apache.velocity.runtime.directive.Evaluate
2019-10-18 09:11:44,315 - Loaded System Directive: org.apache.velocity.runtime.directive.Literal
2019-10-18 09:11:44,315 - Loaded System Directive: org.apache.velocity.runtime.directive.Macro
2019-10-18 09:11:44,316 - Loaded System Directive: org.apache.velocity.runtime.directive.Parse
2019-10-18 09:11:44,317 - Loaded System Directive: org.apache.velocity.runtime.directive.Include
2019-10-18 09:11:44,317 - Loaded System Directive: org.apache.velocity.runtime.directive.Foreach
2019-10-18 09:11:44,335 - Created '20' parsers.
2019-10-18 09:11:44,340 - Velocimacro : "velocimacro.library" is not set.  Trying default library: VM_global_library.vm
2019-10-18 09:11:44,341 - Velocimacro : Default library not found.
2019-10-18 09:11:44,341 - Velocimacro : allowInline = true : VMs can be defined inline in templates
2019-10-18 09:11:44,341 - Velocimacro : allowInlineToOverride = false : VMs defined inline may NOT replace previous VM definitions
2019-10-18 09:11:44,341 - Velocimacro : allowInlineLocal = false : VMs defined inline will be global in scope if allowed.
2019-10-18 09:11:44,341 - Velocimacro : autoload off : VM system will not automatically reload global library macros
2019-10-18 09:22:50,651 - Log4JLogChute initialized using file 'velocity.log'
2019-10-18 09:22:50,657 - Initializing Velocity, Calling init()...
2019-10-18 09:22:50,657 - Starting Apache Velocity v1.7 (compiled: 2010-11-19 12:14:37)
2019-10-18 09:22:50,657 - Default Properties File: org/apache/velocity/runtime/defaults/velocity.properties
2019-10-18 09:22:50,657 - Trying to use logger class org.apache.velocity.runtime.log.AvalonLogChute
2019-10-18 09:22:50,657 - Target log system for org.apache.velocity.runtime.log.AvalonLogChute is not available (java.lang.NoClassDefFoundError: org/apache/log/format/Formatter).  Falling back to next log system...
2019-10-18 09:22:50,657 - Trying to use logger class org.apache.velocity.runtime.log.Log4JLogChute
2019-10-18 09:22:50,657 - Using logger class org.apache.velocity.runtime.log.Log4JLogChute
2019-10-18 09:22:50,661 - ResourceLoader instantiated: org.apache.velocity.runtime.resource.loader.FileResourceLoader
2019-10-18 09:22:50,662 - Do unicode file recognition:  false
2019-10-18 09:22:50,662 - FileResourceLoader : adding path '.'
2019-10-18 09:22:50,669 - ResourceCache: initialized (class org.apache.velocity.runtime.resource.ResourceCacheImpl) with class java.util.Collections$SynchronizedMap cache map.
2019-10-18 09:22:50,670 - Loaded System Directive: org.apache.velocity.runtime.directive.Stop
2019-10-18 09:22:50,670 - Loaded System Directive: org.apache.velocity.runtime.directive.Define
2019-10-18 09:22:50,670 - Loaded System Directive: org.apache.velocity.runtime.directive.Break
2019-10-18 09:22:50,671 - Loaded System Directive: org.apache.velocity.runtime.directive.Evaluate
2019-10-18 09:22:50,671 - Loaded System Directive: org.apache.velocity.runtime.directive.Literal
2019-10-18 09:22:50,672 - Loaded System Directive: org.apache.velocity.runtime.directive.Macro
2019-10-18 09:22:50,672 - Loaded System Directive: org.apache.velocity.runtime.directive.Parse
2019-10-18 09:22:50,673 - Loaded System Directive: org.apache.velocity.runtime.directive.Include
2019-10-18 09:22:50,673 - Loaded System Directive: org.apache.velocity.runtime.directive.Foreach
2019-10-18 09:22:50,691 - Created '20' parsers.
2019-10-18 09:22:50,694 - Velocimacro : "velocimacro.library" is not set.  Trying default library: VM_global_library.vm
2019-10-18 09:22:50,694 - Velocimacro : Default library not found.
2019-10-18 09:22:50,694 - Velocimacro : allowInline = true : VMs can be defined inline in templates
2019-10-18 09:22:50,694 - Velocimacro : allowInlineToOverride = false : VMs defined inline may NOT replace previous VM definitions
2019-10-18 09:22:50,694 - Velocimacro : allowInlineLocal = false : VMs defined inline will be global in scope if allowed.
2019-10-18 09:22:50,694 - Velocimacro : autoload off : VM system will not automatically reload global library macros
